<?xml version="1.0" encoding="UTF-8"?>
<testsuite name="com.bootcamp.reactive.clients.ClientsApplicationTests" tests="1" skipped="0" failures="0" errors="0" timestamp="2021-01-21T23:45:35" hostname="Alfredos-MacBook-Pro.local" time="0.524">
  <properties/>
  <testcase name="contextLoads()" classname="com.bootcamp.reactive.clients.ClientsApplicationTests" time="0.524"/>
  <system-out><![CDATA[18:45:31.624 [Test worker] DEBUG org.springframework.test.context.BootstrapUtils - Instantiating CacheAwareContextLoaderDelegate from class [org.springframework.test.context.cache.DefaultCacheAwareContextLoaderDelegate]
18:45:31.637 [Test worker] DEBUG org.springframework.test.context.BootstrapUtils - Instantiating BootstrapContext using constructor [public org.springframework.test.context.support.DefaultBootstrapContext(java.lang.Class,org.springframework.test.context.CacheAwareContextLoaderDelegate)]
18:45:31.696 [Test worker] DEBUG org.springframework.test.context.BootstrapUtils - Instantiating TestContextBootstrapper for test class [com.bootcamp.reactive.clients.ClientsApplicationTests] from class [org.springframework.boot.test.context.SpringBootTestContextBootstrapper]
18:45:31.714 [Test worker] INFO org.springframework.boot.test.context.SpringBootTestContextBootstrapper - Neither @ContextConfiguration nor @ContextHierarchy found for test class [com.bootcamp.reactive.clients.ClientsApplicationTests], using SpringBootContextLoader
18:45:31.718 [Test worker] DEBUG org.springframework.test.context.support.AbstractContextLoader - Did not detect default resource location for test class [com.bootcamp.reactive.clients.ClientsApplicationTests]: class path resource [com/bootcamp/reactive/clients/ClientsApplicationTests-context.xml] does not exist
18:45:31.719 [Test worker] DEBUG org.springframework.test.context.support.AbstractContextLoader - Did not detect default resource location for test class [com.bootcamp.reactive.clients.ClientsApplicationTests]: class path resource [com/bootcamp/reactive/clients/ClientsApplicationTestsContext.groovy] does not exist
18:45:31.720 [Test worker] INFO org.springframework.test.context.support.AbstractContextLoader - Could not detect default resource locations for test class [com.bootcamp.reactive.clients.ClientsApplicationTests]: no resource found for suffixes {-context.xml, Context.groovy}.
18:45:31.721 [Test worker] INFO org.springframework.test.context.support.AnnotationConfigContextLoaderUtils - Could not detect default configuration classes for test class [com.bootcamp.reactive.clients.ClientsApplicationTests]: ClientsApplicationTests does not declare any static, non-private, non-final, nested classes annotated with @Configuration.
18:45:31.774 [Test worker] DEBUG org.springframework.test.context.support.ActiveProfilesUtils - Could not find an 'annotation declaring class' for annotation type [org.springframework.test.context.ActiveProfiles] and class [com.bootcamp.reactive.clients.ClientsApplicationTests]
18:45:31.852 [Test worker] DEBUG org.springframework.context.annotation.ClassPathScanningCandidateComponentProvider - Identified candidate component class: file [/Users/alfredobenaute/work/purple/bootcamp/spring-boot-cloud/bootcamp-reactive-clients/build/classes/java/main/com/bootcamp/reactive/clients/ClientsApplication.class]
18:45:31.856 [Test worker] INFO org.springframework.boot.test.context.SpringBootTestContextBootstrapper - Found @SpringBootConfiguration com.bootcamp.reactive.clients.ClientsApplication for test class com.bootcamp.reactive.clients.ClientsApplicationTests
18:45:31.964 [Test worker] DEBUG org.springframework.boot.test.context.SpringBootTestContextBootstrapper - @TestExecutionListeners is not present for class [com.bootcamp.reactive.clients.ClientsApplicationTests]: using defaults.
18:45:31.968 [Test worker] INFO org.springframework.boot.test.context.SpringBootTestContextBootstrapper - Loaded default TestExecutionListener class names from location [META-INF/spring.factories]: [org.springframework.boot.test.autoconfigure.restdocs.RestDocsTestExecutionListener, org.springframework.boot.test.autoconfigure.web.client.MockRestServiceServerResetTestExecutionListener, org.springframework.boot.test.autoconfigure.web.servlet.MockMvcPrintOnlyOnFailureTestExecutionListener, org.springframework.boot.test.autoconfigure.web.servlet.WebDriverTestExecutionListener, org.springframework.boot.test.autoconfigure.webservices.client.MockWebServiceServerTestExecutionListener, org.springframework.boot.test.mock.mockito.MockitoTestExecutionListener, org.springframework.boot.test.mock.mockito.ResetMocksTestExecutionListener, org.springframework.test.context.web.ServletTestExecutionListener, org.springframework.test.context.support.DirtiesContextBeforeModesTestExecutionListener, org.springframework.test.context.event.ApplicationEventsTestExecutionListener, org.springframework.test.context.support.DependencyInjectionTestExecutionListener, org.springframework.test.context.support.DirtiesContextTestExecutionListener, org.springframework.test.context.transaction.TransactionalTestExecutionListener, org.springframework.test.context.jdbc.SqlScriptsTestExecutionListener, org.springframework.test.context.event.EventPublishingTestExecutionListener]
18:45:31.992 [Test worker] DEBUG org.springframework.boot.test.context.SpringBootTestContextBootstrapper - Skipping candidate TestExecutionListener [org.springframework.test.context.web.ServletTestExecutionListener] due to a missing dependency. Specify custom listener classes or make the default listener classes and their required dependencies available. Offending class: [javax/servlet/ServletContext]
18:45:32.005 [Test worker] INFO org.springframework.boot.test.context.SpringBootTestContextBootstrapper - Using TestExecutionListeners: [org.springframework.test.context.support.DirtiesContextBeforeModesTestExecutionListener@4d75f306, org.springframework.test.context.event.ApplicationEventsTestExecutionListener@170ad073, org.springframework.boot.test.mock.mockito.MockitoTestExecutionListener@59ea0434, org.springframework.boot.test.autoconfigure.SpringBootDependencyInjectionTestExecutionListener@c8f9e0c, org.springframework.test.context.support.DirtiesContextTestExecutionListener@6e80b158, org.springframework.test.context.transaction.TransactionalTestExecutionListener@2f486db3, org.springframework.test.context.jdbc.SqlScriptsTestExecutionListener@268a17ca, org.springframework.test.context.event.EventPublishingTestExecutionListener@568582e9, org.springframework.boot.test.autoconfigure.restdocs.RestDocsTestExecutionListener@3d64e310, org.springframework.boot.test.autoconfigure.web.client.MockRestServiceServerResetTestExecutionListener@51ad34fa, org.springframework.boot.test.autoconfigure.web.servlet.MockMvcPrintOnlyOnFailureTestExecutionListener@276f5d42, org.springframework.boot.test.autoconfigure.web.servlet.WebDriverTestExecutionListener@5d07018c, org.springframework.boot.test.autoconfigure.webservices.client.MockWebServiceServerTestExecutionListener@4761055f, org.springframework.boot.test.mock.mockito.ResetMocksTestExecutionListener@7fd3f3ad]
18:45:32.009 [Test worker] DEBUG org.springframework.test.context.support.AbstractDirtiesContextTestExecutionListener - Before test class: context [DefaultTestContext@17d48250 testClass = ClientsApplicationTests, testInstance = [null], testMethod = [null], testException = [null], mergedContextConfiguration = [ReactiveWebMergedContextConfiguration@54b4bf8e testClass = ClientsApplicationTests, locations = '{}', classes = '{class com.bootcamp.reactive.clients.ClientsApplication}', contextInitializerClasses = '[]', activeProfiles = '{}', propertySourceLocations = '{}', propertySourceProperties = '{org.springframework.boot.test.context.SpringBootTestContextBootstrapper=true}', contextCustomizers = set[org.springframework.boot.test.autoconfigure.actuate.metrics.MetricsExportContextCustomizerFactory$DisableMetricExportContextCustomizer@2d5bc8de, org.springframework.boot.test.autoconfigure.properties.PropertyMappingContextCustomizer@0, org.springframework.boot.test.autoconfigure.web.servlet.WebDriverContextCustomizerFactory$Customizer@5ea6a65a, org.springframework.boot.test.context.filter.ExcludeFilterContextCustomizer@2825b539, org.springframework.boot.test.json.DuplicateJsonObjectContextCustomizerFactory$DuplicateJsonObjectContextCustomizer@640320ef, org.springframework.boot.test.mock.mockito.MockitoContextCustomizer@0, org.springframework.boot.test.web.client.TestRestTemplateContextCustomizer@3556e294, org.springframework.boot.test.web.reactive.server.WebTestClientContextCustomizer@461a3996, org.springframework.boot.test.context.SpringBootTestArgs@1, org.springframework.boot.test.context.SpringBootTestWebEnvironment@45f0b333], contextLoader = 'org.springframework.boot.test.context.SpringBootContextLoader', parent = [null]], attributes = map[[empty]]], class annotated with @DirtiesContext [false] with mode [null].
18:45:32.024 [Test worker] DEBUG org.springframework.test.context.support.DependencyInjectionTestExecutionListener - Performing dependency injection for test context [[DefaultTestContext@17d48250 testClass = ClientsApplicationTests, testInstance = com.bootcamp.reactive.clients.ClientsApplicationTests@4d8396ee, testMethod = [null], testException = [null], mergedContextConfiguration = [ReactiveWebMergedContextConfiguration@54b4bf8e testClass = ClientsApplicationTests, locations = '{}', classes = '{class com.bootcamp.reactive.clients.ClientsApplication}', contextInitializerClasses = '[]', activeProfiles = '{}', propertySourceLocations = '{}', propertySourceProperties = '{org.springframework.boot.test.context.SpringBootTestContextBootstrapper=true}', contextCustomizers = set[org.springframework.boot.test.autoconfigure.actuate.metrics.MetricsExportContextCustomizerFactory$DisableMetricExportContextCustomizer@2d5bc8de, org.springframework.boot.test.autoconfigure.properties.PropertyMappingContextCustomizer@0, org.springframework.boot.test.autoconfigure.web.servlet.WebDriverContextCustomizerFactory$Customizer@5ea6a65a, org.springframework.boot.test.context.filter.ExcludeFilterContextCustomizer@2825b539, org.springframework.boot.test.json.DuplicateJsonObjectContextCustomizerFactory$DuplicateJsonObjectContextCustomizer@640320ef, org.springframework.boot.test.mock.mockito.MockitoContextCustomizer@0, org.springframework.boot.test.web.client.TestRestTemplateContextCustomizer@3556e294, org.springframework.boot.test.web.reactive.server.WebTestClientContextCustomizer@461a3996, org.springframework.boot.test.context.SpringBootTestArgs@1, org.springframework.boot.test.context.SpringBootTestWebEnvironment@45f0b333], contextLoader = 'org.springframework.boot.test.context.SpringBootContextLoader', parent = [null]], attributes = map['org.springframework.test.context.event.ApplicationEventsTestExecutionListener.recordApplicationEvents' -> false]]].
18:45:32.054 [Test worker] DEBUG org.springframework.test.context.support.TestPropertySourceUtils - Adding inlined properties to environment: {spring.jmx.enabled=false, org.springframework.boot.test.context.SpringBootTestContextBootstrapper=true}

  .   ____          _            __ _ _
 /\\ / ___'_ __ _ _(_)_ __  __ _ \ \ \ \
( ( )\___ | '_ | '_| | '_ \/ _` | \ \ \ \
 \\/  ___)| |_)| | | | | || (_| |  ) ) ) )
  '  |____| .__|_| |_|_| |_\__, | / / / /
 =========|_|==============|___/=/_/_/_/
 :: Spring Boot ::                (v2.4.2)

2021-01-21 18:45:32.624  INFO 12497 --- [    Test worker] c.b.r.clients.ClientsApplicationTests    : Starting ClientsApplicationTests using Java 13.0.1 on Alfredos-MacBook-Pro.local with PID 12497 (started by alfredobenaute in /Users/alfredobenaute/work/purple/bootcamp/spring-boot-cloud/bootcamp-reactive-clients)
2021-01-21 18:45:32.627  INFO 12497 --- [    Test worker] c.b.r.clients.ClientsApplicationTests    : No active profile set, falling back to default profiles: default
2021-01-21 18:45:33.435  INFO 12497 --- [    Test worker] .s.d.r.c.RepositoryConfigurationDelegate : Bootstrapping Spring Data Reactive MongoDB repositories in DEFAULT mode.
2021-01-21 18:45:33.668  INFO 12497 --- [    Test worker] .s.d.r.c.RepositoryConfigurationDelegate : Finished Spring Data repository scanning in 228 ms. Found 1 Reactive MongoDB repository interfaces.
2021-01-21 18:45:34.268  INFO 12497 --- [    Test worker] org.mongodb.driver.cluster               : Cluster created with settings {hosts=[localhost:27017], mode=SINGLE, requiredClusterType=UNKNOWN, serverSelectionTimeout='30000 ms'}
2021-01-21 18:45:34.540  INFO 12497 --- [localhost:27017] org.mongodb.driver.connection            : Opened connection [connectionId{localValue:2, serverValue:41}] to localhost:27017
2021-01-21 18:45:34.540  INFO 12497 --- [localhost:27017] org.mongodb.driver.connection            : Opened connection [connectionId{localValue:1, serverValue:42}] to localhost:27017
2021-01-21 18:45:34.547  INFO 12497 --- [localhost:27017] org.mongodb.driver.cluster               : Monitor thread successfully connected to server with description ServerDescription{address=localhost:27017, type=STANDALONE, state=CONNECTED, ok=true, minWireVersion=0, maxWireVersion=9, maxDocumentSize=16777216, logicalSessionTimeoutMinutes=30, roundTripTimeNanos=117330552}
2021-01-21 18:45:35.439  INFO 12497 --- [    Test worker] c.b.r.clients.ClientsApplicationTests    : Started ClientsApplicationTests in 3.37 seconds (JVM running for 5.624)
]]></system-out>
  <system-err><![CDATA[]]></system-err>
</testsuite>
